2017-06-30 20:57:02.066  INFO 8024 --- [main] com.lab.App                              : Starting App v1.0-SNAPSHOT on Devni with PID 8024 (C:\Users\Devni-PC\Documents\3rd_year\1st_semester\AF\Spring\Five\target\labApp-1.0-SNAPSHOT.jar started by Devni-PC in C:\Users\Devni-PC\Documents\3rd_year\1st_semester\AF\Spring\Five\target)
2017-06-30 20:57:02.079  INFO 8024 --- [main] com.lab.App                              : No active profile set, falling back to default profiles: default
2017-06-30 20:57:02.248  INFO 8024 --- [main] ationConfigEmbeddedWebApplicationContext : Refreshing org.springframework.boot.context.embedded.AnnotationConfigEmbeddedWebApplicationContext@2cdf8d8a: startup date [Fri Jun 30 20:57:02 IST 2017]; root of context hierarchy
2017-06-30 20:57:06.398  INFO 8024 --- [main] s.b.c.e.t.TomcatEmbeddedServletContainer : Tomcat initialized with port(s): 8081 (http)
2017-06-30 20:57:06.426  INFO 8024 --- [main] o.apache.catalina.core.StandardService   : Starting service Tomcat
2017-06-30 20:57:06.429  INFO 8024 --- [main] org.apache.catalina.core.StandardEngine  : Starting Servlet Engine: Apache Tomcat/8.5.14
2017-06-30 20:57:07.097  INFO 8024 --- [localhost-startStop-1] o.a.c.c.C.[Tomcat].[localhost].[/]       : Initializing Spring embedded WebApplicationContext
2017-06-30 20:57:07.098  INFO 8024 --- [localhost-startStop-1] o.s.web.context.ContextLoader            : Root WebApplicationContext: initialization completed in 4855 ms
2017-06-30 20:57:07.482  INFO 8024 --- [localhost-startStop-1] o.s.b.w.servlet.ServletRegistrationBean  : Mapping servlet: 'dispatcherServlet' to [/]
2017-06-30 20:57:07.491  INFO 8024 --- [localhost-startStop-1] o.s.b.w.servlet.FilterRegistrationBean   : Mapping filter: 'metricsFilter' to: [/*]
2017-06-30 20:57:07.492  INFO 8024 --- [localhost-startStop-1] o.s.b.w.servlet.FilterRegistrationBean   : Mapping filter: 'characterEncodingFilter' to: [/*]
2017-06-30 20:57:07.492  INFO 8024 --- [localhost-startStop-1] o.s.b.w.servlet.FilterRegistrationBean   : Mapping filter: 'hiddenHttpMethodFilter' to: [/*]
2017-06-30 20:57:07.499  INFO 8024 --- [localhost-startStop-1] o.s.b.w.servlet.FilterRegistrationBean   : Mapping filter: 'httpPutFormContentFilter' to: [/*]
2017-06-30 20:57:07.500  INFO 8024 --- [localhost-startStop-1] o.s.b.w.servlet.FilterRegistrationBean   : Mapping filter: 'requestContextFilter' to: [/*]
2017-06-30 20:57:07.501  INFO 8024 --- [localhost-startStop-1] o.s.b.w.servlet.FilterRegistrationBean   : Mapping filter: 'webRequestLoggingFilter' to: [/*]
2017-06-30 20:57:07.502  INFO 8024 --- [localhost-startStop-1] o.s.b.w.servlet.FilterRegistrationBean   : Mapping filter: 'applicationContextIdFilter' to: [/*]
2017-06-30 20:57:08.196  INFO 8024 --- [main] org.mongodb.driver.cluster               : Cluster created with settings {hosts=[localhost:27017], mode=SINGLE, requiredClusterType=UNKNOWN, serverSelectionTimeout='30000 ms', maxWaitQueueSize=500}
2017-06-30 20:57:08.486  INFO 8024 --- [cluster-ClusterId{value='59566dcc992a231f58075cbf', description='null'}-localhost:27017] org.mongodb.driver.connection            : Opened connection [connectionId{localValue:1, serverValue:1}] to localhost:27017
2017-06-30 20:57:08.495  INFO 8024 --- [cluster-ClusterId{value='59566dcc992a231f58075cbf', description='null'}-localhost:27017] org.mongodb.driver.cluster               : Monitor thread successfully connected to server with description ServerDescription{address=localhost:27017, type=STANDALONE, state=CONNECTED, ok=true, version=ServerVersion{versionList=[3, 4, 2]}, minWireVersion=0, maxWireVersion=5, maxDocumentSize=16777216, roundTripTimeNanos=854686}
2017-06-30 20:57:09.885  INFO 8024 --- [main] s.w.s.m.m.a.RequestMappingHandlerMapping : Mapped "{[/labtypes],methods=[POST],consumes=[application/json]}" onto public com.lab.model.LabType com.lab.controller.LabTypeController.CreateLabType(com.lab.model.LabType)
2017-06-30 20:57:09.894  INFO 8024 --- [main] s.w.s.m.m.a.RequestMappingHandlerMapping : Mapped "{[/labtypes],methods=[GET],produces=[application/json]}" onto public java.util.List<com.lab.model.LabType> com.lab.controller.LabTypeController.getLabTypes()
2017-06-30 20:57:09.896  INFO 8024 --- [main] s.w.s.m.m.a.RequestMappingHandlerMapping : Mapped "{[/v2/api-docs],methods=[GET],produces=[application/json || application/hal+json]}" onto public org.springframework.http.ResponseEntity<springfox.documentation.spring.web.json.Json> springfox.documentation.swagger2.web.Swagger2Controller.getDocumentation(java.lang.String,javax.servlet.http.HttpServletRequest)
2017-06-30 20:57:09.908  INFO 8024 --- [main] s.w.s.m.m.a.RequestMappingHandlerMapping : Mapped "{[/swagger-resources/configuration/ui]}" onto org.springframework.http.ResponseEntity<springfox.documentation.swagger.web.UiConfiguration> springfox.documentation.swagger.web.ApiResourceController.uiConfiguration()
2017-06-30 20:57:09.911  INFO 8024 --- [main] s.w.s.m.m.a.RequestMappingHandlerMapping : Mapped "{[/swagger-resources]}" onto org.springframework.http.ResponseEntity<java.util.List<springfox.documentation.swagger.web.SwaggerResource>> springfox.documentation.swagger.web.ApiResourceController.swaggerResources()
2017-06-30 20:57:09.920  INFO 8024 --- [main] s.w.s.m.m.a.RequestMappingHandlerMapping : Mapped "{[/swagger-resources/configuration/security]}" onto org.springframework.http.ResponseEntity<springfox.documentation.swagger.web.SecurityConfiguration> springfox.documentation.swagger.web.ApiResourceController.securityConfiguration()
2017-06-30 20:57:09.927  INFO 8024 --- [main] s.w.s.m.m.a.RequestMappingHandlerMapping : Mapped "{[/error]}" onto public org.springframework.http.ResponseEntity<java.util.Map<java.lang.String, java.lang.Object>> org.springframework.boot.autoconfigure.web.BasicErrorController.error(javax.servlet.http.HttpServletRequest)
2017-06-30 20:57:09.927  INFO 8024 --- [main] s.w.s.m.m.a.RequestMappingHandlerMapping : Mapped "{[/error],produces=[text/html]}" onto public org.springframework.web.servlet.ModelAndView org.springframework.boot.autoconfigure.web.BasicErrorController.errorHtml(javax.servlet.http.HttpServletRequest,javax.servlet.http.HttpServletResponse)
2017-06-30 20:57:10.254  INFO 8024 --- [main] o.s.b.a.e.mvc.EndpointHandlerMapping     : Mapped "{[/loggers/{name:.*}],methods=[GET],produces=[application/vnd.spring-boot.actuator.v1+json || application/json]}" onto public java.lang.Object org.springframework.boot.actuate.endpoint.mvc.LoggersMvcEndpoint.get(java.lang.String)
2017-06-30 20:57:10.255  INFO 8024 --- [main] o.s.b.a.e.mvc.EndpointHandlerMapping     : Mapped "{[/loggers/{name:.*}],methods=[POST],consumes=[application/vnd.spring-boot.actuator.v1+json || application/json],produces=[application/vnd.spring-boot.actuator.v1+json || application/json]}" onto public java.lang.Object org.springframework.boot.actuate.endpoint.mvc.LoggersMvcEndpoint.set(java.lang.String,java.util.Map<java.lang.String, java.lang.String>)
2017-06-30 20:57:10.256  INFO 8024 --- [main] o.s.b.a.e.mvc.EndpointHandlerMapping     : Mapped "{[/loggers || /loggers.json],methods=[GET],produces=[application/vnd.spring-boot.actuator.v1+json || application/json]}" onto public java.lang.Object org.springframework.boot.actuate.endpoint.mvc.EndpointMvcAdapter.invoke()
2017-06-30 20:57:10.258  INFO 8024 --- [main] o.s.b.a.e.mvc.EndpointHandlerMapping     : Mapped "{[/auditevents || /auditevents.json],methods=[GET],produces=[application/vnd.spring-boot.actuator.v1+json || application/json]}" onto public org.springframework.http.ResponseEntity<?> org.springframework.boot.actuate.endpoint.mvc.AuditEventsMvcEndpoint.findByPrincipalAndAfterAndType(java.lang.String,java.util.Date,java.lang.String)
2017-06-30 20:57:10.260  INFO 8024 --- [main] o.s.b.a.e.mvc.EndpointHandlerMapping     : Mapped "{[/heapdump || /heapdump.json],methods=[GET],produces=[application/octet-stream]}" onto public void org.springframework.boot.actuate.endpoint.mvc.HeapdumpMvcEndpoint.invoke(boolean,javax.servlet.http.HttpServletRequest,javax.servlet.http.HttpServletResponse) throws java.io.IOException,javax.servlet.ServletException
2017-06-30 20:57:10.269  INFO 8024 --- [main] o.s.b.a.e.mvc.EndpointHandlerMapping     : Mapped "{[/logfile || /logfile.json],methods=[GET || HEAD]}" onto public void org.springframework.boot.actuate.endpoint.mvc.LogFileMvcEndpoint.invoke(javax.servlet.http.HttpServletRequest,javax.servlet.http.HttpServletResponse) throws javax.servlet.ServletException,java.io.IOException
2017-06-30 20:57:10.271  INFO 8024 --- [main] o.s.b.a.e.mvc.EndpointHandlerMapping     : Mapped "{[/info || /info.json],methods=[GET],produces=[application/vnd.spring-boot.actuator.v1+json || application/json]}" onto public java.lang.Object org.springframework.boot.actuate.endpoint.mvc.EndpointMvcAdapter.invoke()
2017-06-30 20:57:10.274  INFO 8024 --- [main] o.s.b.a.e.mvc.EndpointHandlerMapping     : Mapped "{[/configprops || /configprops.json],methods=[GET],produces=[application/vnd.spring-boot.actuator.v1+json || application/json]}" onto public java.lang.Object org.springframework.boot.actuate.endpoint.mvc.EndpointMvcAdapter.invoke()
2017-06-30 20:57:10.280  INFO 8024 --- [main] o.s.b.a.e.mvc.EndpointHandlerMapping     : Mapped "{[/beans || /beans.json],methods=[GET],produces=[application/vnd.spring-boot.actuator.v1+json || application/json]}" onto public java.lang.Object org.springframework.boot.actuate.endpoint.mvc.EndpointMvcAdapter.invoke()
2017-06-30 20:57:10.281  INFO 8024 --- [main] o.s.b.a.e.mvc.EndpointHandlerMapping     : Mapped "{[/autoconfig || /autoconfig.json],methods=[GET],produces=[application/vnd.spring-boot.actuator.v1+json || application/json]}" onto public java.lang.Object org.springframework.boot.actuate.endpoint.mvc.EndpointMvcAdapter.invoke()
2017-06-30 20:57:10.283  INFO 8024 --- [main] o.s.b.a.e.mvc.EndpointHandlerMapping     : Mapped "{[/dump || /dump.json],methods=[GET],produces=[application/vnd.spring-boot.actuator.v1+json || application/json]}" onto public java.lang.Object org.springframework.boot.actuate.endpoint.mvc.EndpointMvcAdapter.invoke()
2017-06-30 20:57:10.286  INFO 8024 --- [main] o.s.b.a.e.mvc.EndpointHandlerMapping     : Mapped "{[/env/{name:.*}],methods=[GET],produces=[application/vnd.spring-boot.actuator.v1+json || application/json]}" onto public java.lang.Object org.springframework.boot.actuate.endpoint.mvc.EnvironmentMvcEndpoint.value(java.lang.String)
2017-06-30 20:57:10.287  INFO 8024 --- [main] o.s.b.a.e.mvc.EndpointHandlerMapping     : Mapped "{[/env || /env.json],methods=[GET],produces=[application/vnd.spring-boot.actuator.v1+json || application/json]}" onto public java.lang.Object org.springframework.boot.actuate.endpoint.mvc.EndpointMvcAdapter.invoke()
2017-06-30 20:57:10.296  INFO 8024 --- [main] o.s.b.a.e.mvc.EndpointHandlerMapping     : Mapped "{[/trace || /trace.json],methods=[GET],produces=[application/vnd.spring-boot.actuator.v1+json || application/json]}" onto public java.lang.Object org.springframework.boot.actuate.endpoint.mvc.EndpointMvcAdapter.invoke()
2017-06-30 20:57:10.297  INFO 8024 --- [main] o.s.b.a.e.mvc.EndpointHandlerMapping     : Mapped "{[/health || /health.json],methods=[GET],produces=[application/vnd.spring-boot.actuator.v1+json || application/json]}" onto public java.lang.Object org.springframework.boot.actuate.endpoint.mvc.HealthMvcEndpoint.invoke(javax.servlet.http.HttpServletRequest,java.security.Principal)
2017-06-30 20:57:10.299  INFO 8024 --- [main] o.s.b.a.e.mvc.EndpointHandlerMapping     : Mapped "{[/mappings || /mappings.json],methods=[GET],produces=[application/vnd.spring-boot.actuator.v1+json || application/json]}" onto public java.lang.Object org.springframework.boot.actuate.endpoint.mvc.EndpointMvcAdapter.invoke()
2017-06-30 20:57:10.301  INFO 8024 --- [main] o.s.b.a.e.mvc.EndpointHandlerMapping     : Mapped "{[/metrics/{name:.*}],methods=[GET],produces=[application/vnd.spring-boot.actuator.v1+json || application/json]}" onto public java.lang.Object org.springframework.boot.actuate.endpoint.mvc.MetricsMvcEndpoint.value(java.lang.String)
2017-06-30 20:57:10.302  INFO 8024 --- [main] o.s.b.a.e.mvc.EndpointHandlerMapping     : Mapped "{[/metrics || /metrics.json],methods=[GET],produces=[application/vnd.spring-boot.actuator.v1+json || application/json]}" onto public java.lang.Object org.springframework.boot.actuate.endpoint.mvc.EndpointMvcAdapter.invoke()
2017-06-30 20:57:10.611  INFO 8024 --- [main] s.w.s.m.m.a.RequestMappingHandlerAdapter : Looking for @ControllerAdvice: org.springframework.boot.context.embedded.AnnotationConfigEmbeddedWebApplicationContext@2cdf8d8a: startup date [Fri Jun 30 20:57:02 IST 2017]; root of context hierarchy
2017-06-30 20:57:10.740  INFO 8024 --- [main] o.s.w.s.handler.SimpleUrlHandlerMapping  : Mapped URL path [/webjars/**] onto handler of type [class org.springframework.web.servlet.resource.ResourceHttpRequestHandler]
2017-06-30 20:57:10.740  INFO 8024 --- [main] o.s.w.s.handler.SimpleUrlHandlerMapping  : Mapped URL path [/**] onto handler of type [class org.springframework.web.servlet.resource.ResourceHttpRequestHandler]
2017-06-30 20:57:10.821  INFO 8024 --- [main] o.s.w.s.handler.SimpleUrlHandlerMapping  : Mapped URL path [/**/favicon.ico] onto handler of type [class org.springframework.web.servlet.resource.ResourceHttpRequestHandler]
2017-06-30 20:57:11.275  INFO 8024 --- [main] o.s.j.e.a.AnnotationMBeanExporter        : Registering beans for JMX exposure on startup
2017-06-30 20:57:11.293  INFO 8024 --- [main] o.s.c.support.DefaultLifecycleProcessor  : Starting beans in phase 0
2017-06-30 20:57:11.383  INFO 8024 --- [main] o.s.c.support.DefaultLifecycleProcessor  : Starting beans in phase 2147483647
2017-06-30 20:57:11.384  INFO 8024 --- [main] d.s.w.p.DocumentationPluginsBootstrapper : Context refreshed
2017-06-30 20:57:11.448  INFO 8024 --- [main] d.s.w.p.DocumentationPluginsBootstrapper : Found 1 custom documentation plugin(s)
2017-06-30 20:57:11.478  INFO 8024 --- [main] s.d.s.w.s.ApiListingReferenceScanner     : Scanning for api listing references
2017-06-30 20:57:11.644  INFO 8024 --- [main] .d.s.w.r.o.CachingOperationNameGenerator : Generating unique operation named: findByPrincipalAndAfterAndTypeUsingGET_1
2017-06-30 20:57:11.875  INFO 8024 --- [main] .d.s.w.r.o.CachingOperationNameGenerator : Generating unique operation named: invokeUsingGET_1
2017-06-30 20:57:11.879  INFO 8024 --- [main] .d.s.w.r.o.CachingOperationNameGenerator : Generating unique operation named: invokeUsingGET_2
2017-06-30 20:57:11.883  INFO 8024 --- [main] .d.s.w.r.o.CachingOperationNameGenerator : Generating unique operation named: invokeUsingGET_3
2017-06-30 20:57:11.887  INFO 8024 --- [main] .d.s.w.r.o.CachingOperationNameGenerator : Generating unique operation named: invokeUsingGET_4
2017-06-30 20:57:11.903  INFO 8024 --- [main] .d.s.w.r.o.CachingOperationNameGenerator : Generating unique operation named: invokeUsingGET_5
2017-06-30 20:57:11.909  INFO 8024 --- [main] .d.s.w.r.o.CachingOperationNameGenerator : Generating unique operation named: invokeUsingGET_6
2017-06-30 20:57:11.917  INFO 8024 --- [main] .d.s.w.r.o.CachingOperationNameGenerator : Generating unique operation named: invokeUsingGET_7
2017-06-30 20:57:11.928  INFO 8024 --- [main] .d.s.w.r.o.CachingOperationNameGenerator : Generating unique operation named: invokeUsingGET_8
2017-06-30 20:57:11.940  INFO 8024 --- [main] .d.s.w.r.o.CachingOperationNameGenerator : Generating unique operation named: invokeUsingGET_9
2017-06-30 20:57:11.947  INFO 8024 --- [main] .d.s.w.r.o.CachingOperationNameGenerator : Generating unique operation named: invokeUsingGET_10
2017-06-30 20:57:11.950  INFO 8024 --- [main] .d.s.w.r.o.CachingOperationNameGenerator : Generating unique operation named: invokeUsingGET_11
2017-06-30 20:57:11.953  INFO 8024 --- [main] .d.s.w.r.o.CachingOperationNameGenerator : Generating unique operation named: invokeUsingGET_12
2017-06-30 20:57:11.957  INFO 8024 --- [main] .d.s.w.r.o.CachingOperationNameGenerator : Generating unique operation named: invokeUsingGET_13
2017-06-30 20:57:11.968  INFO 8024 --- [main] .d.s.w.r.o.CachingOperationNameGenerator : Generating unique operation named: invokeUsingGET_14
2017-06-30 20:57:11.973  INFO 8024 --- [main] .d.s.w.r.o.CachingOperationNameGenerator : Generating unique operation named: invokeUsingGET_15
2017-06-30 20:57:12.013  INFO 8024 --- [main] .d.s.w.r.o.CachingOperationNameGenerator : Generating unique operation named: invokeUsingGET_16
2017-06-30 20:57:12.026  INFO 8024 --- [main] .d.s.w.r.o.CachingOperationNameGenerator : Generating unique operation named: invokeUsingGET_17
2017-06-30 20:57:12.039  INFO 8024 --- [main] .d.s.w.r.o.CachingOperationNameGenerator : Generating unique operation named: invokeUsingGET_18
2017-06-30 20:57:12.050  INFO 8024 --- [main] .d.s.w.r.o.CachingOperationNameGenerator : Generating unique operation named: invokeUsingGET_19
2017-06-30 20:57:12.095  INFO 8024 --- [main] .d.s.w.r.o.CachingOperationNameGenerator : Generating unique operation named: invokeUsingGET_20
2017-06-30 20:57:12.109  INFO 8024 --- [main] .d.s.w.r.o.CachingOperationNameGenerator : Generating unique operation named: invokeUsingGET_21
2017-06-30 20:57:12.116  INFO 8024 --- [main] .d.s.w.r.o.CachingOperationNameGenerator : Generating unique operation named: invokeUsingHEAD_1
2017-06-30 20:57:12.132  INFO 8024 --- [main] .d.s.w.r.o.CachingOperationNameGenerator : Generating unique operation named: invokeUsingGET_22
2017-06-30 20:57:12.138  INFO 8024 --- [main] .d.s.w.r.o.CachingOperationNameGenerator : Generating unique operation named: invokeUsingGET_23
2017-06-30 20:57:12.162  INFO 8024 --- [main] .d.s.w.r.o.CachingOperationNameGenerator : Generating unique operation named: invokeUsingGET_24
2017-06-30 20:57:12.166  INFO 8024 --- [main] .d.s.w.r.o.CachingOperationNameGenerator : Generating unique operation named: invokeUsingGET_25
2017-06-30 20:57:12.175  INFO 8024 --- [main] .d.s.w.r.o.CachingOperationNameGenerator : Generating unique operation named: valueUsingGET_1
2017-06-30 20:57:12.304  INFO 8024 --- [main] s.b.c.e.t.TomcatEmbeddedServletContainer : Tomcat started on port(s): 8081 (http)
2017-06-30 20:57:12.314  INFO 8024 --- [main] com.lab.App                              : Started App in 10.903 seconds (JVM running for 11.838)
2017-06-30 20:57:26.849  INFO 8024 --- [http-nio-8081-exec-1] o.a.c.c.C.[Tomcat].[localhost].[/]       : Initializing Spring FrameworkServlet 'dispatcherServlet'
2017-06-30 20:57:26.850  INFO 8024 --- [http-nio-8081-exec-1] o.s.web.servlet.DispatcherServlet        : FrameworkServlet 'dispatcherServlet': initialization started
2017-06-30 20:57:26.882  INFO 8024 --- [http-nio-8081-exec-1] o.s.web.servlet.DispatcherServlet        : FrameworkServlet 'dispatcherServlet': initialization completed in 32 ms
2017-06-30 20:58:09.150  INFO 8024 --- [http-nio-8081-exec-3] org.mongodb.driver.connection            : Opened connection [connectionId{localValue:2, serverValue:2}] to localhost:27017
2017-06-30 21:05:03.929  INFO 8024 --- [Thread-3] ationConfigEmbeddedWebApplicationContext : Closing org.springframework.boot.context.embedded.AnnotationConfigEmbeddedWebApplicationContext@2cdf8d8a: startup date [Fri Jun 30 20:57:02 IST 2017]; root of context hierarchy
2017-06-30 21:05:03.939  INFO 8024 --- [Thread-3] o.s.c.support.DefaultLifecycleProcessor  : Stopping beans in phase 2147483647
2017-06-30 21:05:03.944  INFO 8024 --- [Thread-3] o.s.c.support.DefaultLifecycleProcessor  : Stopping beans in phase 0
2017-06-30 21:05:03.961  INFO 8024 --- [Thread-3] o.s.j.e.a.AnnotationMBeanExporter        : Unregistering JMX-exposed beans on shutdown
2017-06-30 21:05:03.972  INFO 8024 --- [Thread-3] org.mongodb.driver.connection            : Closed connection [connectionId{localValue:2, serverValue:2}] to localhost:27017 because the pool has been closed.
